[0.000000] (-) TimerEvent: {}
[0.000074] (-) JobUnselected: {'identifier': 'tb_run_script'}
[0.000089] (-) JobUnselected: {'identifier': 'turtlebot3_fake_node'}
[0.000102] (-) JobUnselected: {'identifier': 'turtlebot3_gazebo'}
[0.000115] (-) JobUnselected: {'identifier': 'turtlebot3_simulations'}
[0.000128] (ros1_bridge) JobQueued: {'identifier': 'ros1_bridge', 'dependencies': OrderedDict()}
[0.000144] (ros1_bridge) JobStarted: {'identifier': 'ros1_bridge'}
[0.004866] (ros1_bridge) JobProgress: {'identifier': 'ros1_bridge', 'progress': 'cmake'}
[0.005886] (ros1_bridge) JobProgress: {'identifier': 'ros1_bridge', 'progress': 'build'}
[0.006018] (ros1_bridge) Command: {'cmd': ['/usr/bin/cmake', '--build', '/home/tal/TB3_PC_WS/build/ros1_bridge', '--', '-j16', '-l16'], 'cwd': '/home/tal/TB3_PC_WS/build/ros1_bridge', 'env': OrderedDict([('LESSOPEN', '| /usr/bin/lesspipe %s'), ('LANGUAGE', 'en_IL:en'), ('USER', 'tal'), ('SSH_AGENT_PID', '1369'), ('ROS_PACKAGE_PATH', '/opt/ros/noetic/share'), ('XDG_SESSION_TYPE', 'x11'), ('ROS_ETC_DIR', '/opt/ros/noetic/etc/ros'), ('SHLVL', '1'), ('LD_LIBRARY_PATH', '/opt/ros/galactic/opt/yaml_cpp_vendor/lib:/opt/ros/galactic/lib/x86_64-linux-gnu:/opt/ros/galactic/lib:/opt/ros/noetic/lib'), ('HOME', '/home/tal'), ('OLDPWD', '/home/tal'), ('DESKTOP_SESSION', 'ubuntu'), ('ROS_PYTHON_VERSION', '3'), ('GNOME_SHELL_SESSION_MODE', 'ubuntu'), ('GTK_MODULES', 'gail:atk-bridge'), ('MANAGERPID', '1136'), ('DBUS_SESSION_BUS_ADDRESS', 'unix:path=/run/user/1000/bus'), ('COLORTERM', 'truecolor'), ('TERMINATOR_DBUS_NAME', 'net.tenshu.Terminator21a9d5db22c73a993ff0b42f64b396873'), ('GIO_LAUNCHED_DESKTOP_FILE_PID', '66281'), ('IM_CONFIG_PHASE', '1'), ('COLCON_PREFIX_PATH', '/home/tal/TB3_PC_WS/install'), ('ROS_DISTRO', 'galactic'), ('LOGNAME', 'tal'), ('JOURNAL_STREAM', '8:38597'), ('_', '/usr/bin/colcon'), ('ROS_VERSION', '2'), ('PKG_CONFIG_PATH', '/opt/ros/noetic/lib/pkgconfig'), ('XDG_SESSION_CLASS', 'user'), ('USERNAME', 'tal'), ('TERM', 'xterm-256color'), ('GNOME_DESKTOP_SESSION_ID', 'this-is-deprecated'), ('ROS_LOCALHOST_ONLY', '0'), ('WINDOWPATH', '2'), ('PATH', '/opt/ros/galactic/bin:/opt/ros/noetic/bin:/usr/local/sbin:/usr/local/bin:/usr/sbin:/usr/bin:/sbin:/bin:/usr/games:/usr/local/games:/snap/bin'), ('SESSION_MANAGER', 'local/tal-ubuntu22:@/tmp/.ICE-unix/1471,unix/tal-ubuntu22:/tmp/.ICE-unix/1471'), ('INVOCATION_ID', 'b7ca3c65715b4c16916267493517d69b'), ('XDG_MENU_PREFIX', 'gnome-'), ('XDG_RUNTIME_DIR', '/run/user/1000'), ('DISPLAY', ':0'), ('TERMINATOR_DBUS_PATH', '/net/tenshu/Terminator2'), ('LANG', 'en_IL'), ('XDG_CURRENT_DESKTOP', 'ubuntu:GNOME'), ('XMODIFIERS', '@im=ibus'), ('ROSLISP_PACKAGE_DIRECTORIES', ''), ('XDG_SESSION_DESKTOP', 'ubuntu'), ('XAUTHORITY', '/run/user/1000/gdm/Xauthority'), ('LS_COLORS', 'rs=0:di=01;34:ln=01;36:mh=00:pi=40;33:so=01;35:do=01;35:bd=40;33;01:cd=40;33;01:or=40;31;01:mi=00:su=37;41:sg=30;43:ca=30;41:tw=30;42:ow=34;42:st=37;44:ex=01;32:*.tar=01;31:*.tgz=01;31:*.arc=01;31:*.arj=01;31:*.taz=01;31:*.lha=01;31:*.lz4=01;31:*.lzh=01;31:*.lzma=01;31:*.tlz=01;31:*.txz=01;31:*.tzo=01;31:*.t7z=01;31:*.zip=01;31:*.z=01;31:*.dz=01;31:*.gz=01;31:*.lrz=01;31:*.lz=01;31:*.lzo=01;31:*.xz=01;31:*.zst=01;31:*.tzst=01;31:*.bz2=01;31:*.bz=01;31:*.tbz=01;31:*.tbz2=01;31:*.tz=01;31:*.deb=01;31:*.rpm=01;31:*.jar=01;31:*.war=01;31:*.ear=01;31:*.sar=01;31:*.rar=01;31:*.alz=01;31:*.ace=01;31:*.zoo=01;31:*.cpio=01;31:*.7z=01;31:*.rz=01;31:*.cab=01;31:*.wim=01;31:*.swm=01;31:*.dwm=01;31:*.esd=01;31:*.jpg=01;35:*.jpeg=01;35:*.mjpg=01;35:*.mjpeg=01;35:*.gif=01;35:*.bmp=01;35:*.pbm=01;35:*.pgm=01;35:*.ppm=01;35:*.tga=01;35:*.xbm=01;35:*.xpm=01;35:*.tif=01;35:*.tiff=01;35:*.png=01;35:*.svg=01;35:*.svgz=01;35:*.mng=01;35:*.pcx=01;35:*.mov=01;35:*.mpg=01;35:*.mpeg=01;35:*.m2v=01;35:*.mkv=01;35:*.webm=01;35:*.ogm=01;35:*.mp4=01;35:*.m4v=01;35:*.mp4v=01;35:*.vob=01;35:*.qt=01;35:*.nuv=01;35:*.wmv=01;35:*.asf=01;35:*.rm=01;35:*.rmvb=01;35:*.flc=01;35:*.avi=01;35:*.fli=01;35:*.flv=01;35:*.gl=01;35:*.dl=01;35:*.xcf=01;35:*.xwd=01;35:*.yuv=01;35:*.cgm=01;35:*.emf=01;35:*.ogv=01;35:*.ogx=01;35:*.aac=00;36:*.au=00;36:*.flac=00;36:*.m4a=00;36:*.mid=00;36:*.midi=00;36:*.mka=00;36:*.mp3=00;36:*.mpc=00;36:*.ogg=00;36:*.ra=00;36:*.wav=00;36:*.oga=00;36:*.opus=00;36:*.spx=00;36:*.xspf=00;36:'), ('ROS_ROOT', '/opt/ros/noetic/share/ros'), ('SSH_AUTH_SOCK', '/run/user/1000/keyring/ssh'), ('ROS_DOMAIN_ID', '5'), ('AMENT_PREFIX_PATH', '/opt/ros/galactic:/home/tal/TB3_PC_WS/install/tb_run_script'), ('SHELL', '/bin/bash'), ('TERMINATOR_UUID', 'urn:uuid:044152ba-70c8-4a98-920e-d155f2654d56'), ('QT_ACCESSIBILITY', '1'), ('ROS_MASTER_URI', 'http://localhost:11311'), ('GDMSESSION', 'ubuntu'), ('LESSCLOSE', '/usr/bin/lesspipe %s %s'), ('GPG_AGENT_INFO', '/run/user/1000/gnupg/S.gpg-agent:0:1'), ('QT_IM_MODULE', 'ibus'), ('PWD', '/home/tal/TB3_PC_WS/build/ros1_bridge'), ('TURTLEBOT3_MODEL', 'burger'), ('XDG_CONFIG_DIRS', '/etc/xdg/xdg-ubuntu:/etc/xdg'), ('XDG_DATA_DIRS', '/usr/share/ubuntu:/usr/local/share/:/usr/share/:/var/lib/snapd/desktop'), ('LDS_MODEL', 'LDS-01'), ('PYTHONPATH', '/opt/ros/galactic/lib/python3.8/site-packages:/home/tal/TB3_PC_WS/install/tb_run_script/lib/python3.10/site-packages:/opt/ros/noetic/lib/python3/dist-packages'), ('COLCON', '1'), ('VTE_VERSION', '6003'), ('CMAKE_PREFIX_PATH', '/home/tal/TB3_PC_WS/install/turtlebot3_simulations:/home/tal/TB3_PC_WS/install/turtlebot3_gazebo:/home/tal/TB3_PC_WS/install/turtlebot3_fake_node:/home/tal/TB3_PC_WS/install/ros1_bridge:/opt/ros/galactic:/home/tal/TB3_PC_WS/install/tb_run_script:/opt/ros/noetic')]), 'shell': False}
[0.035309] (ros1_bridge) StdoutLine: {'line': b'-- Found rmw: 3.3.1 (/opt/ros/galactic/share/rmw/cmake)\n'}
[0.044635] (ros1_bridge) StdoutLine: {'line': b'-- Found PythonInterp: /usr/bin/python3 (found suitable version "3.8.10", minimum required is "3") \n'}
[0.044724] (ros1_bridge) StdoutLine: {'line': b'-- Using PYTHON_EXECUTABLE: /usr/bin/python3\n'}
[0.088163] (ros1_bridge) StdoutLine: {'line': b'-- Found rclcpp: 9.2.2 (/opt/ros/galactic/share/rclcpp/cmake)\n'}
[0.099014] (ros1_bridge) StdoutLine: {'line': b'-- Using single rosidl_typesupport_c: rosidl_typesupport_introspection_c\n'}
[0.099587] (-) TimerEvent: {}
[0.100874] (ros1_bridge) StdoutLine: {'line': b'-- Found rosidl_adapter: 2.2.3 (/opt/ros/galactic/share/rosidl_adapter/cmake)\n'}
[0.109844] (ros1_bridge) StdoutLine: {'line': b'-- Using single rosidl_typesupport_cpp: rosidl_typesupport_introspection_cpp\n'}
[0.138934] (ros1_bridge) StdoutLine: {'line': b'-- Found rmw_implementation_cmake: 3.3.1 (/opt/ros/galactic/share/rmw_implementation_cmake/cmake)\n'}
[0.139786] (ros1_bridge) StdoutLine: {'line': b'-- Found rmw_cyclonedds_cpp: 0.22.6 (/opt/ros/galactic/share/rmw_cyclonedds_cpp/cmake)\n'}
[0.149767] (ros1_bridge) StdoutLine: {'line': b"-- Using RMW implementation 'rmw_cyclonedds_cpp' as default\n"}
[0.199685] (-) TimerEvent: {}
[0.299835] (-) TimerEvent: {}
[0.400020] (-) TimerEvent: {}
[0.490464] (ros1_bridge) StdoutLine: {'line': b'-- Found ament_lint_auto: 0.10.7 (/opt/ros/galactic/share/ament_lint_auto/cmake)\n'}
[0.490972] (ros1_bridge) StdoutLine: {'line': b'-- Found diagnostic_msgs: 2.2.4 (/opt/ros/galactic/share/diagnostic_msgs/cmake)\n'}
[0.500084] (-) TimerEvent: {}
[0.573188] (ros1_bridge) StdoutLine: {'line': b'-- Found python_cmake_module: 0.8.1 (/opt/ros/galactic/share/python_cmake_module/cmake)\n'}
[0.581720] (ros1_bridge) StdoutLine: {'line': b'-- Found PythonInterp: /usr/bin/python3 (found suitable version "3.8.10", minimum required is "3.5") \n'}
[0.582920] (ros1_bridge) StdoutLine: {'line': b'-- Using PYTHON_EXECUTABLE: /usr/bin/python3\n'}
[0.583006] (ros1_bridge) StdoutLine: {'line': b'-- Using PYTHON_INCLUDE_DIRS: /usr/include/python3.8\n'}
[0.583065] (ros1_bridge) StdoutLine: {'line': b'-- Using PYTHON_LIBRARIES: /usr/lib/x86_64-linux-gnu/libpython3.8.so\n'}
[0.600153] (-) TimerEvent: {}
[0.638502] (ros1_bridge) StdoutLine: {'line': b"-- Found gtest sources under '/opt/ros/galactic/src/gtest_vendor': C++ tests using 'Google Test' will be built\n"}
[0.650190] (ros1_bridge) StdoutLine: {'line': b"-- Added test 'copyright' to check source files copyright and LICENSE\n"}
[0.651246] (ros1_bridge) StdoutLine: {'line': b"-- Added test 'cppcheck' to perform static code analysis on C / C++ code\n"}
[0.651426] (ros1_bridge) StdoutLine: {'line': b'-- Configured cppcheck include dirs: \n'}
[0.651486] (ros1_bridge) StdoutLine: {'line': b'-- Configured cppcheck exclude dirs and/or files: \n'}
[0.652297] (ros1_bridge) StdoutLine: {'line': b"-- Added test 'cpplint' to check C / C++ code against the Google style\n"}
[0.652359] (ros1_bridge) StdoutLine: {'line': b'-- Configured cpplint exclude dirs and/or files: \n'}
[0.652601] (ros1_bridge) StdoutLine: {'line': b"-- Added test 'flake8' to check Python code syntax and style conventions\n"}
[0.652947] (ros1_bridge) StdoutLine: {'line': b"-- Added test 'lint_cmake' to check CMake code style\n"}
[0.653221] (ros1_bridge) StdoutLine: {'line': b"-- Added test 'pep257' to check Python code against some of the style conventions in PEP 257\n"}
[0.654058] (ros1_bridge) StdoutLine: {'line': b"-- Added test 'uncrustify' to check C / C++ code style\n"}
[0.654127] (ros1_bridge) StdoutLine: {'line': b'-- Configured uncrustify additional arguments: \n'}
[0.654269] (ros1_bridge) StdoutLine: {'line': b"-- Added test 'xmllint' to check XML markup files\n"}
[0.677228] (ros1_bridge) StdoutLine: {'line': b'-- Found action_msgs: 1.0.3 (/opt/ros/galactic/share/action_msgs/cmake)\n'}
[0.697005] (ros1_bridge) StdoutLine: {'line': b'-- Found actionlib_msgs: 2.2.4 (/opt/ros/galactic/share/actionlib_msgs/cmake)\n'}
[0.697188] (ros1_bridge) StdoutLine: {'line': b'-- Found builtin_interfaces: 1.0.3 (/opt/ros/galactic/share/builtin_interfaces/cmake)\n'}
[0.700246] (-) TimerEvent: {}
[0.715627] (ros1_bridge) StdoutLine: {'line': b'-- Found composition_interfaces: 1.0.3 (/opt/ros/galactic/share/composition_interfaces/cmake)\n'}
[0.800357] (-) TimerEvent: {}
[0.883047] (ros1_bridge) StdoutLine: {'line': b'-- Found control_msgs: 3.0.0 (/opt/ros/galactic/share/control_msgs/cmake)\n'}
[0.892346] (ros1_bridge) StdoutLine: {'line': b'-- Found controller_manager_msgs: 1.6.0 (/opt/ros/galactic/share/controller_manager_msgs/cmake)\n'}
[0.892640] (ros1_bridge) StdoutLine: {'line': b'-- Found diagnostic_msgs: 2.2.4 (/opt/ros/galactic/share/diagnostic_msgs/cmake)\n'}
[0.900455] (-) TimerEvent: {}
[0.924311] (ros1_bridge) StdoutLine: {'line': b'-- Found example_interfaces: 0.9.2 (/opt/ros/galactic/share/example_interfaces/cmake)\n'}
[0.994089] (ros1_bridge) StdoutLine: {'line': b'-- Found gazebo_msgs: 3.5.2 (/opt/ros/galactic/share/gazebo_msgs/cmake)\n'}
[0.994656] (ros1_bridge) StdoutLine: {'line': b'-- Found geometry_msgs: 2.2.4 (/opt/ros/galactic/share/geometry_msgs/cmake)\n'}
[0.995111] (ros1_bridge) StdoutLine: {'line': b'-- Found libstatistics_collector: 1.1.1 (/opt/ros/galactic/share/libstatistics_collector/cmake)\n'}
[1.000031] (ros1_bridge) StdoutLine: {'line': b'-- Found lifecycle_msgs: 1.0.3 (/opt/ros/galactic/share/lifecycle_msgs/cmake)\n'}
[1.000511] (-) TimerEvent: {}
[1.039083] (ros1_bridge) StdoutLine: {'line': b'-- Found nav_msgs: 2.2.4 (/opt/ros/galactic/share/nav_msgs/cmake)\n'}
[1.039315] (ros1_bridge) StdoutLine: {'line': b'-- Found rcl_interfaces: 1.0.3 (/opt/ros/galactic/share/rcl_interfaces/cmake)\n'}
[1.039648] (ros1_bridge) StdoutLine: {'line': b'-- Found rmw_dds_common: 1.2.1 (/opt/ros/galactic/share/rmw_dds_common/cmake)\n'}
[1.048791] (ros1_bridge) StdoutLine: {'line': b'-- Found rosbag2_interfaces: 0.9.2 (/opt/ros/galactic/share/rosbag2_interfaces/cmake)\n'}
[1.049038] (ros1_bridge) StdoutLine: {'line': b'-- Found rosgraph_msgs: 1.0.3 (/opt/ros/galactic/share/rosgraph_msgs/cmake)\n'}
[1.049232] (ros1_bridge) StdoutLine: {'line': b'-- Found sensor_msgs: 2.2.4 (/opt/ros/galactic/share/sensor_msgs/cmake)\n'}
[1.083605] (ros1_bridge) StdoutLine: {'line': b'-- Found shape_msgs: 2.2.4 (/opt/ros/galactic/share/shape_msgs/cmake)\n'}
[1.083808] (ros1_bridge) StdoutLine: {'line': b'-- Found statistics_msgs: 1.0.3 (/opt/ros/galactic/share/statistics_msgs/cmake)\n'}
[1.083995] (ros1_bridge) StdoutLine: {'line': b'-- Found std_msgs: 2.2.4 (/opt/ros/galactic/share/std_msgs/cmake)\n'}
[1.089186] (ros1_bridge) StdoutLine: {'line': b'-- Found std_srvs: 2.2.4 (/opt/ros/galactic/share/std_srvs/cmake)\n'}
[1.100608] (-) TimerEvent: {}
[1.152159] (ros1_bridge) StdoutLine: {'line': b'-- Found stereo_msgs: 2.2.4 (/opt/ros/galactic/share/stereo_msgs/cmake)\n'}
[1.200707] (-) TimerEvent: {}
[1.226447] (ros1_bridge) StdoutLine: {'line': b'-- Found tf2_msgs: 0.17.5 (/opt/ros/galactic/share/tf2_msgs/cmake)\n'}
[1.226677] (ros1_bridge) StdoutLine: {'line': b'-- Found trajectory_msgs: 2.2.4 (/opt/ros/galactic/share/trajectory_msgs/cmake)\n'}
[1.255762] (ros1_bridge) StdoutLine: {'line': b'-- Found turtlesim: 1.3.4 (/opt/ros/galactic/share/turtlesim/cmake)\n'}
[1.255991] (ros1_bridge) StdoutLine: {'line': b'-- Found unique_identifier_msgs: 2.2.1 (/opt/ros/galactic/share/unique_identifier_msgs/cmake)\n'}
[1.294760] (ros1_bridge) StdoutLine: {'line': b'-- Found visualization_msgs: 2.2.4 (/opt/ros/galactic/share/visualization_msgs/cmake)\n'}
[1.300803] (-) TimerEvent: {}
[1.400966] (-) TimerEvent: {}
[1.402011] (ros1_bridge) StdoutLine: {'line': b'-- Configuring done\n'}
[1.501067] (-) TimerEvent: {}
[1.523243] (ros1_bridge) StdoutLine: {'line': b'-- Generating done\n'}
[1.525665] (ros1_bridge) StdoutLine: {'line': b'-- Build files have been written to: /home/tal/TB3_PC_WS/build/ros1_bridge\n'}
[1.542931] (ros1_bridge) StdoutLine: {'line': b'\x1b[35m\x1b[1mScanning dependencies of target test_ros1_client\x1b[0m\n'}
[1.543360] (ros1_bridge) StdoutLine: {'line': b'\x1b[35m\x1b[1mScanning dependencies of target test_ros1_server\x1b[0m\n'}
[1.543687] (ros1_bridge) StdoutLine: {'line': b'\x1b[35m\x1b[1mScanning dependencies of target test_ros2_server_cpp\x1b[0m\n'}
[1.544208] (ros1_bridge) StdoutLine: {'line': b'\x1b[35m\x1b[1mScanning dependencies of target simple_bridge\x1b[0m\n'}
[1.544417] (ros1_bridge) StderrLine: {'line': b"make[2]: Warning: File '/home/tal/TB3_PC_WS/src/ros1_bridge-master/ros1_bridge/__init__.py' has modification time 25494 s in the future\n"}
[1.544530] (ros1_bridge) StderrLine: {'line': b"make[2]: *** No rule to make target '/home/tal/TB3_PC_WS/src/ros1_bridge-master/bin/ros1_bridge_generate_factories', needed by 'generated/get_factory.cpp'.  Stop.\n"}
[1.544631] (ros1_bridge) StderrLine: {'line': b'make[1]: *** [CMakeFiles/Makefile2:534: CMakeFiles/ros1_bridge.dir/all] Error 2\n'}
[1.544711] (ros1_bridge) StderrLine: {'line': b'make[1]: *** Waiting for unfinished jobs....\n'}
[1.545681] (ros1_bridge) StdoutLine: {'line': b'\x1b[35m\x1b[1mScanning dependencies of target test_ros2_client_cpp\x1b[0m\n'}
[1.545820] (ros1_bridge) StdoutLine: {'line': b'\x1b[35m\x1b[1mScanning dependencies of target simple_bridge_1_to_2\x1b[0m\n'}
[1.546673] (ros1_bridge) StdoutLine: {'line': b'\x1b[35m\x1b[1mScanning dependencies of target simple_bridge_2_to_1\x1b[0m\n'}
[1.546871] (ros1_bridge) StderrLine: {'line': b"make[2]: Warning: File '/home/tal/TB3_PC_WS/src/ros1_bridge-master/test/test_ros1_client.cpp' has modification time 25494 s in the future\n"}
[1.547716] (ros1_bridge) StderrLine: {'line': b"make[2]: Warning: File '/home/tal/TB3_PC_WS/src/ros1_bridge-master/test/test_ros1_server.cpp' has modification time 25494 s in the future\n"}
[1.548370] (ros1_bridge) StdoutLine: {'line': b'[  1%] Built target gtest\n'}
[1.550140] (ros1_bridge) StdoutLine: {'line': b'[  1%] Built target gtest_main\n'}
[1.552726] (ros1_bridge) StdoutLine: {'line': b'[  1%] \x1b[32mBuilding CXX object CMakeFiles/test_ros1_client.dir/test/test_ros1_client.cpp.o\x1b[0m\n'}
[1.552858] (ros1_bridge) StdoutLine: {'line': b'[  1%] Built target ament_cmake_python_copy_ros1_bridge\n'}
[1.553783] (ros1_bridge) StdoutLine: {'line': b'[  1%] \x1b[32mBuilding CXX object CMakeFiles/test_ros1_server.dir/test/test_ros1_server.cpp.o\x1b[0m\n'}
[1.558916] (ros1_bridge) StderrLine: {'line': b"make[2]: Warning: File '/home/tal/TB3_PC_WS/src/ros1_bridge-master/src/simple_bridge.cpp' has modification time 25494 s in the future\n"}
[1.559201] (ros1_bridge) StderrLine: {'line': b"make[2]: Warning: File '/home/tal/TB3_PC_WS/src/ros1_bridge-master/test/test_ros2_client.cpp' has modification time 25494 s in the future\n"}
[1.559498] (ros1_bridge) StderrLine: {'line': b"make[2]: Warning: File '/home/tal/TB3_PC_WS/src/ros1_bridge-master/src/simple_bridge_1_to_2.cpp' has modification time 25494 s in the future\n"}
[1.560640] (ros1_bridge) StderrLine: {'line': b"make[2]: Warning: File '/home/tal/TB3_PC_WS/src/ros1_bridge-master/src/simple_bridge_2_to_1.cpp' has modification time 25494 s in the future\n"}
[1.560930] (ros1_bridge) StderrLine: {'line': b"make[2]: Warning: File '/home/tal/TB3_PC_WS/src/ros1_bridge-master/test/test_ros2_server.cpp' has modification time 25494 s in the future\n"}
[1.566857] (ros1_bridge) StdoutLine: {'line': b'[  1%] \x1b[32mBuilding CXX object CMakeFiles/test_ros2_client_cpp.dir/test/test_ros2_client.cpp.o\x1b[0m\n'}
[1.567005] (ros1_bridge) StdoutLine: {'line': b'[  1%] \x1b[32mBuilding CXX object CMakeFiles/simple_bridge_2_to_1.dir/src/simple_bridge_2_to_1.cpp.o\x1b[0m\n'}
[1.567140] (ros1_bridge) StdoutLine: {'line': b'[  2%] \x1b[32mBuilding CXX object CMakeFiles/simple_bridge_1_to_2.dir/src/simple_bridge_1_to_2.cpp.o\x1b[0m\n'}
[1.567223] (ros1_bridge) StdoutLine: {'line': b'[  2%] \x1b[32mBuilding CXX object CMakeFiles/simple_bridge.dir/src/simple_bridge.cpp.o\x1b[0m\n'}
[1.568747] (ros1_bridge) StdoutLine: {'line': b'[  3%] \x1b[32mBuilding CXX object CMakeFiles/test_ros2_server_cpp.dir/test/test_ros2_server.cpp.o\x1b[0m\n'}
[1.601174] (-) TimerEvent: {}
[1.701471] (-) TimerEvent: {}
[1.801791] (-) TimerEvent: {}
[1.902113] (-) TimerEvent: {}
[2.002430] (-) TimerEvent: {}
[2.102736] (-) TimerEvent: {}
[2.203055] (-) TimerEvent: {}
[2.303384] (-) TimerEvent: {}
[2.403705] (-) TimerEvent: {}
[2.504026] (-) TimerEvent: {}
[2.604370] (-) TimerEvent: {}
[2.704742] (-) TimerEvent: {}
[2.785274] (ros1_bridge) StdoutLine: {'line': b'[  3%] \x1b[32m\x1b[1mLinking CXX executable test_ros1_client\x1b[0m\n'}
[2.804905] (-) TimerEvent: {}
[2.815853] (ros1_bridge) StdoutLine: {'line': b'[  4%] \x1b[32m\x1b[1mLinking CXX executable test_ros1_server\x1b[0m\n'}
[2.896504] (ros1_bridge) StderrLine: {'line': b'make[2]: warning:  Clock skew detected.  Your build may be incomplete.\n'}
[2.903168] (ros1_bridge) StdoutLine: {'line': b'[  4%] Built target test_ros1_client\n'}
[2.905022] (-) TimerEvent: {}
[2.929512] (ros1_bridge) StderrLine: {'line': b'make[2]: warning:  Clock skew detected.  Your build may be incomplete.\n'}
[2.936302] (ros1_bridge) StdoutLine: {'line': b'[  4%] Built target test_ros1_server\n'}
[3.005156] (-) TimerEvent: {}
[3.105445] (-) TimerEvent: {}
[3.205743] (-) TimerEvent: {}
[3.305969] (-) TimerEvent: {}
[3.356964] (ros1_bridge) StdoutLine: {'line': b'[  4%] \x1b[32m\x1b[1mLinking CXX executable test_ros2_server_cpp\x1b[0m\n'}
[3.406110] (-) TimerEvent: {}
[3.442052] (ros1_bridge) StderrLine: {'line': b'make[2]: warning:  Clock skew detected.  Your build may be incomplete.\n'}
[3.447019] (ros1_bridge) StdoutLine: {'line': b'[  4%] Built target test_ros2_server_cpp\n'}
[3.506246] (-) TimerEvent: {}
[3.534940] (ros1_bridge) StdoutLine: {'line': b'[  4%] \x1b[32m\x1b[1mLinking CXX executable test_ros2_client_cpp\x1b[0m\n'}
[3.606399] (-) TimerEvent: {}
[3.619873] (ros1_bridge) StderrLine: {'line': b'make[2]: warning:  Clock skew detected.  Your build may be incomplete.\n'}
[3.624584] (ros1_bridge) StdoutLine: {'line': b'[  4%] Built target test_ros2_client_cpp\n'}
[3.706491] (-) TimerEvent: {}
[3.806774] (-) TimerEvent: {}
[3.907064] (-) TimerEvent: {}
[4.007350] (-) TimerEvent: {}
[4.107645] (-) TimerEvent: {}
[4.207942] (-) TimerEvent: {}
[4.308224] (-) TimerEvent: {}
[4.408497] (-) TimerEvent: {}
[4.508767] (-) TimerEvent: {}
[4.609050] (-) TimerEvent: {}
[4.709338] (-) TimerEvent: {}
[4.809616] (-) TimerEvent: {}
[4.909892] (-) TimerEvent: {}
[4.988088] (ros1_bridge) StdoutLine: {'line': b'[  4%] \x1b[32m\x1b[1mLinking CXX executable simple_bridge_1_to_2\x1b[0m\n'}
[5.010016] (-) TimerEvent: {}
[5.110287] (-) TimerEvent: {}
[5.130791] (ros1_bridge) StderrLine: {'line': b'make[2]: warning:  Clock skew detected.  Your build may be incomplete.\n'}
[5.135431] (ros1_bridge) StdoutLine: {'line': b'[  4%] Built target simple_bridge_1_to_2\n'}
[5.210434] (-) TimerEvent: {}
[5.310675] (-) TimerEvent: {}
[5.410944] (-) TimerEvent: {}
[5.511191] (-) TimerEvent: {}
[5.611404] (-) TimerEvent: {}
[5.711679] (-) TimerEvent: {}
[5.811941] (-) TimerEvent: {}
[5.912201] (-) TimerEvent: {}
[6.012458] (-) TimerEvent: {}
[6.112696] (-) TimerEvent: {}
[6.212952] (-) TimerEvent: {}
[6.313189] (-) TimerEvent: {}
[6.413428] (-) TimerEvent: {}
[6.486885] (ros1_bridge) StdoutLine: {'line': b'[  4%] \x1b[32m\x1b[1mLinking CXX executable simple_bridge_2_to_1\x1b[0m\n'}
[6.513554] (-) TimerEvent: {}
[6.613808] (-) TimerEvent: {}
[6.681130] (ros1_bridge) StderrLine: {'line': b'make[2]: warning:  Clock skew detected.  Your build may be incomplete.\n'}
[6.685597] (ros1_bridge) StdoutLine: {'line': b'[  4%] Built target simple_bridge_2_to_1\n'}
[6.713931] (-) TimerEvent: {}
[6.755642] (ros1_bridge) StdoutLine: {'line': b'[  4%] \x1b[32m\x1b[1mLinking CXX executable simple_bridge\x1b[0m\n'}
[6.814052] (-) TimerEvent: {}
[6.914316] (-) TimerEvent: {}
[6.956812] (ros1_bridge) StderrLine: {'line': b'make[2]: warning:  Clock skew detected.  Your build may be incomplete.\n'}
[6.961134] (ros1_bridge) StdoutLine: {'line': b'[  4%] Built target simple_bridge\n'}
[6.961675] (ros1_bridge) StderrLine: {'line': b'make: *** [Makefile:141: all] Error 2\n'}
[6.962881] (ros1_bridge) CommandEnded: {'returncode': 2}
[7.014388] (-) TimerEvent: {}
[7.114640] (-) TimerEvent: {}
[7.214927] (-) TimerEvent: {}
[7.246814] (ros1_bridge) JobEnded: {'identifier': 'ros1_bridge', 'rc': 2}
[7.257206] (-) EventReactorShutdown: {}
